1593802383102	mozrunner::runner	INFO	Running command: "C:\\Program Files\\Mozilla Firefox\\firefox.exe" "-marionette" "-foreground" "-no-remote" "-profile" "C:\\Users\\ELEN-P~1\\AppData\\Local\\Temp\\rust_mozprofilefA8Jb4"
JavaScript error: resource://gre/modules/XULStore.jsm, line 66: Error: Can't find profile directory.
1593802387255	Marionette	INFO	Listening on port 51950
1593802387522	Marionette	WARN	TLS certificate errors will be ignored for this session
1593802417382	Marionette	INFO	Stopped listening on port 51950

###!!! [Child][MessageChannel::SendAndWait] Error: Channel error: cannot send/recv

1593802882699	mozrunner::runner	INFO	Running command: "C:\\Program Files\\Mozilla Firefox\\firefox.exe" "-marionette" "-foreground" "-no-remote" "-profile" "C:\\Users\\ELEN-P~1\\AppData\\Local\\Temp\\rust_mozprofilepMl1HQ"
JavaScript error: resource://gre/modules/XULStore.jsm, line 66: Error: Can't find profile directory.
1593802886098	Marionette	INFO	Listening on port 52049
1593802886322	Marionette	WARN	TLS certificate errors will be ignored for this session
1593802894762	Marionette	INFO	Stopped listening on port 52049

###!!! [Child][RunMessage] Error: Channel closing: too late to send/recv, messages will be lost


###!!! [Child][MessageChannel::SendAndWait] Error: Channel error: cannot send/recv

1593803275305	mozrunner::runner	INFO	Running command: "C:\\Program Files\\Mozilla Firefox\\firefox.exe" "-marionette" "-foreground" "-no-remote" "-profile" "C:\\Users\\ELEN-P~1\\AppData\\Local\\Temp\\rust_mozprofilejpOObr"
JavaScript error: resource://gre/modules/XULStore.jsm, line 66: Error: Can't find profile directory.
1593803279268	Marionette	INFO	Listening on port 52325
1593803279423	Marionette	WARN	TLS certificate errors will be ignored for this session
1593808958827	Marionette	INFO	Stopped listening on port 52325

###!!! [Child][RunMessage] Error: Channel closing: too late to send/recv, messages will be lost


###!!! [Child][MessageChannel::SendAndWait] Error: Channel error: cannot send/recv

gre/modules/XULStore.jsm, line 66: Error: Can't find profile directory.
1593806489447	Marionette	INFO	Listening on port 52736
1593806489846	Marionette	WARN	TLS certificate errors will be ignored for this session
JavaScript error: , line 0: AbortError: A request was aborted, for example through a call to IDBTransaction.abort.
1593808959632	Marionette	INFO	Stopped listening on port 52736

###!!! [Child][MessageChannel::SendAndWait] Error: Channel error: cannot send/recv

Store.jsm, line 66: Error: Can't find profile directory.
1593806673932	Marionette	INFO	Listening on port 52819
JavaScript error: resource://activity-stream/lib/ActivityStreamPrefs.jsm, line 27: NS_ERROR_ILLEGAL_VALUE: Component returned failure code: 0x80070057 (NS_ERROR_ILLEGAL_VALUE) [nsIPrefBranch.removeObserver]
1593806674093	Marionette	WARN	TLS certificate errors will be ignored for this session
console.warn: services.settings: main/fxmonitor-breaches sync interrupted by shutdown
JavaScript error: resource://gre/modules/ExtensionSettingsStore.jsm, line 123: Error: The ExtensionSettingsStore was accessed before the initialize promise resolved.
JavaScript error: resource://gre/modules/AsyncShutdown.jsm, line 554: uncaught exception: 2147500036
JavaScript error: resource://gre/modules/AsyncShutdown.jsm, line 554: uncaught exception: 2147500036
JavaScript error: resource://gre/modules/AsyncShutdown.jsm, line 554: uncaught exception: 2147500036
console.log: "RemoteSettingsWorker error: Error: Can't import when we've started shutting down."
console.log: "RemoteSettingsWorker error: Error: Can't import when we've started shutting down."
console.log: "RemoteSettingsWorker error: Error: Can't import when we've started shutting down."
JavaScript error: resource://gre/modules/IndexedDB.jsm, line 370: UnknownError: IDBDatabase.transaction: Can't start IndexedDB transaction during shutdown
1593806679494	Marionette	INFO	Stopped listening on port 52819

###!!! [Child][RunMessage] Error: Channel closing: too late to send/recv, messages will be lost


###!!! [Child][MessageChannel::SendAndWait] Error: Channel error: cannot send/recv

1593806736532	mozrunner::runner	INFO	Running command: "C:\\Program Files\\Mozilla Firefox\\firefox.exe" "-marionette" "-foreground" "-no-remote" "-profile" "C:\\Users\\ELEN-P~1\\AppData\\Local\\Temp\\rust_mozprofileiGZ1Nl"
JavaScript error: resource://gre/modules/XULStore.jsm, line 66: Error: Can't find profile directory.
1593806740601	Marionette	INFO	Listening on port 52860
1593806740658	Marionette	WARN	TLS certificate errors will be ignored for this session
JavaScript error: resource://services-settings/RemoteSettingsClient.jsm, line 115: Error: Unknown callback
JavaScript error: resource://activity-stream/lib/ActivityStreamPrefs.jsm, line 27: NS_ERROR_ILLEGAL_VALUE: Component returned failure code: 0x80070057 (NS_ERROR_ILLEGAL_VALUE) [nsIPrefBranch.removeObserver]
JavaScript error: resource://gre/modules/UrlClassifierListManager.jsm, line 691: TypeError: this.tablesData[table] is undefined
JavaScript error: resource://gre/modules/Sqlite.jsm, line 921: Error: Connection is not open.
1593806746121	Marionette	INFO	Stopped listening on port 52860

###!!! [Child][RunMessage] Error: Channel closing: too late to send/recv, messages will be lost


###!!! [Child][MessageChannel::SendAndWait] Error: Channel error: cannot send/recv

1593806874312	mozrunner::runner	INFO	Running command: "C:\\Program Files\\Mozilla Firefox\\firefox.exe" "-marionette" "-foreground" "-no-remote" "-profile" "C:\\Users\\ELEN-P~1\\AppData\\Local\\Temp\\rust_mozprofilemgzrMo"
JavaScript error: resource://gre/modules/XULStore.jsm, line 66: Error: Can't find profile directory.
1593806880422	Marionette	INFO	Listening on port 52908
1593806880533	Marionette	WARN	TLS certificate errors will be ignored for this session
JavaScript error: resource://services-settings/RemoteSettingsClient.jsm, line 115: Error: Unknown callback
JavaScript error: resource://activity-stream/lib/ActivityStreamPrefs.jsm, line 27: NS_ERROR_ILLEGAL_VALUE: Component returned failure code: 0x80070057 (NS_ERROR_ILLEGAL_VALUE) [nsIPrefBranch.removeObserver]
JavaScript error: resource://gre/modules/UrlClassifierListManager.jsm, line 691: TypeError: this.tablesData[table] is undefined
JavaScript error: resource://gre/modules/Sqlite.jsm, line 921: Error: Connection is not open.
1593806886839	Marionette	INFO	Stopped listening on port 52908

###!!! [Child][MessageChannel::SendAndWait] Error: Channel error: cannot send/recv

1593806933042	mozrunner::runner	INFO	Running command: "C:\\Program Files\\Mozilla Firefox\\firefox.exe" "-marionette" "-foreground" "-no-remote" "-profile" "C:\\Users\\ELEN-P~1\\AppData\\Local\\Temp\\rust_mozprofileqSariS"
JavaScript error: resource://gre/modules/XULStore.jsm, line 66: Error: Can't find profile directory.
1593806936780	Marionette	INFO	Listening on port 52955
1593806937162	Marionette	WARN	TLS certificate errors will be ignored for this session
1593808965725	Marionette	INFO	Stopped listening on port 52955

###!!! [Child][MessageChannel::SendAndWait] Error: Channel error: cannot send/recv

ile" "C:\\Users\\ELEN-P~1\\AppData\\Local\\Temp\\rust_mozprofile05ousl"
JavaScript error: resource://gre/modules/XULStore.jsm, line 66: Error: Can't find profile directory.
1593807069883	Marionette	INFO	Listening on port 53002
1593807070362	Marionette	WARN	TLS certificate errors will be ignored for this session
JavaScript error: resource://gre/modules/UrlClassifierListManager.jsm, line 691: TypeError: this.tablesData[table] is undefined
1593807077292	Marionette	INFO	Stopped listening on port 53002

###!!! [Child][RunMessage] Error: Channel closing: too late to send/recv, messages will be lost


###!!! [Child][MessageChannel::SendAndWait] Error: Channel error: cannot send/recv

1593807926847	mozrunner::runner	INFO	Running command: "C:\\Program Files\\Mozilla Firefox\\firefox.exe" "-marionette" "-foreground" "-no-remote" "-profile" "C:\\Users\\ELEN-P~1\\AppData\\Local\\Temp\\rust_mozprofileebJj6U"
JavaScript error: resource://gre/modules/XULStore.jsm, line 66: Error: Can't find profile directory.
1593807930449	Marionette	INFO	Listening on port 53878
1593807930534	Marionette	WARN	TLS certificate errors will be ignored for this session
1593808966563	Marionette	INFO	Stopped listening on port 53878

###!!! [Child][RunMessage] Error: Channel closing: too late to send/recv, messages will be lost


###!!! [Child][MessageChannel::SendAndWait] Error: Channel error: cannot send/recv

gre/modules/XULStore.jsm, line 66: Error: Can't find profile directory.
1593808681528	Marionette	INFO	Listening on port 54020
1593808681713	Marionette	WARN	TLS certificate errors will be ignored for this session
1593808966563	Marionette	INFO	Stopped listening on port 54020

###!!! [Child][MessageChannel::SendAndWait] Error: Channel error: cannot send/recv

ile" "C:\\Users\\ELEN-P~1\\AppData\\Local\\Temp\\rust_mozprofileRpM3FT"
JavaScript error: resource://gre/modules/XULStore.jsm, line 66: Error: Can't find profile directory.
1593808946822	Marionette	INFO	Listening on port 54092
1593808947032	Marionette	WARN	TLS certificate errors will be ignored for this session
1593808964512	Marionette	INFO	Stopped listening on port 54092

###!!! [Child][MessageChannel] Error: (msgtype=0x59000D,name=PHttpChannel::Msg_DeletingChannel) Channel closing: too late to send/recv, messages will be lost


###!!! [Child][MessageChannel] Error: (msgtype=0x59000D,name=PHttpChannel::Msg_DeletingChannel) Channel closing: too late to send/recv, messages will be lost


###!!! [Child][MessageChannel] Error: (msgtype=0x59000D,name=PHttpChannel::Msg_DeletingChannel) Channel closing: too late to send/recv, messages will be lost


###!!! [Child][MessageChannel] Error: (msgtype=0x59000D,name=PHttpChannel::Msg_DeletingChannel) Channel closing: too late to send/recv, messages will be lost


###!!! [Child][MessageChannel] Error: (msgtype=0x59000D,name=PHttpChannel::Msg_DeletingChannel) Channel closing: too late to send/recv, messages will be lost


###!!! [Child][MessageChannel] Error: (msgtype=0x59000D,name=PHttpChannel::Msg_DeletingChannel) Channel closing: too late to send/recv, messages will be lost

1593808987920	mozrunner::runner	INFO	Running command: "C:\\Program Files\\Mozilla Firefox\\firefox.exe" "-marionette" "-foreground" "-no-remote" "-profile" "C:\\Users\\ELEN-P~1\\AppData\\Local\\Temp\\rust_mozprofileEelvkL"
JavaScript error: resource://gre/modules/XULStore.jsm, line 66: Error: Can't find profile directory.
1593808991477	Marionette	INFO	Listening on port 54236
1593808991539	Marionette	WARN	TLS certificate errors will be ignored for this session
1593809002606	Marionette	INFO	Stopped listening on port 54236

###!!! [Child][RunMessage] Error: Channel closing: too late to send/recv, messages will be lost


###!!! [Child][MessageChannel::SendAndWait] Error: Channel error: cannot send/recv

1593809012440	mozrunner::runner	INFO	Running command: "C:\\Program Files\\Mozilla Firefox\\firefox.exe" "-marionette" "-foreground" "-no-remote" "-profile" "C:\\Users\\ELEN-P~1\\AppData\\Local\\Temp\\rust_mozprofile2olHAg"
JavaScript error: resource://gre/modules/XULStore.jsm, line 66: Error: Can't find profile directory.
1593809015600	Marionette	INFO	Listening on port 54349
1593809016060	Marionette	WARN	TLS certificate errors will be ignored for this session
1593809026739	Marionette	INFO	Stopped listening on port 54349

###!!! [Child][RunMessage] Error: Channel closing: too late to send/recv, messages will be lost


###!!! [Child][MessageChannel::SendAndWait] Error: Channel error: cannot send/recv

1593809036191	mozrunner::runner	INFO	Running command: "C:\\Program Files\\Mozilla Firefox\\firefox.exe" "-marionette" "-foreground" "-no-remote" "-profile" "C:\\Users\\ELEN-P~1\\AppData\\Local\\Temp\\rust_mozprofiletQ42p0"
JavaScript error: resource://gre/modules/XULStore.jsm, line 66: Error: Can't find profile directory.
1593809039317	Marionette	INFO	Listening on port 54460
1593809039807	Marionette	WARN	TLS certificate errors will be ignored for this session
1593809116313	Marionette	INFO	Stopped listening on port 54460

###!!! [Child][RunMessage] Error: Channel closing: too late to send/recv, messages will be lost


###!!! [Child][MessageChannel::SendAndWait] Error: Channel error: cannot send/recv

1593809122471	mozrunner::runner	INFO	Running command: "C:\\Program Files\\Mozilla Firefox\\firefox.exe" "-marionette" "-foreground" "-no-remote" "-profile" "C:\\Users\\ELEN-P~1\\AppData\\Local\\Temp\\rust_mozprofileCBZa1O"
JavaScript error: resource://gre/modules/XULStore.jsm, line 66: Error: Can't find profile directory.
1593809125786	Marionette	INFO	Listening on port 54591
1593809126086	Marionette	WARN	TLS certificate errors will be ignored for this session
1593809374952	mozrunner::runner	INFO	Running command: "C:\\Program Files\\Mozilla Firefox\\firefox.exe" "-marionette" "-foreground" "-no-remote" "-profile" "C:\\Users\\ELEN-P~1\\AppData\\Local\\Temp\\rust_mozprofile79UfKW"
JavaScript error: resource://gre/modules/XULStore.jsm, line 66: Error: Can't find profile directory.
1593809378558	Marionette	INFO	Listening on port 54748
1593809378599	Marionette	WARN	TLS certificate errors will be ignored for this session
1593809390418	Marionette	INFO	Stopped listening on port 54748

###!!! [Child][RunMessage] Error: Channel closing: too late to send/recv, messages will be lost


###!!! [Child][MessageChannel::SendAndWait] Error: Channel error: cannot send/recv

1593809399655	mozrunner::runner	INFO	Running command: "C:\\Program Files\\Mozilla Firefox\\firefox.exe" "-marionette" "-foreground" "-no-remote" "-profile" "C:\\Users\\ELEN-P~1\\AppData\\Local\\Temp\\rust_mozprofileOBElqf"
JavaScript error: resource://gre/modules/XULStore.jsm, line 66: Error: Can't find profile directory.
1593809402773	Marionette	INFO	Listening on port 54866
1593809403272	Marionette	WARN	TLS certificate errors will be ignored for this session
1593809414524	Marionette	INFO	Stopped listening on port 54866

###!!! [Child][RunMessage] Error: Channel closing: too late to send/recv, messages will be lost


###!!! [Child][MessageChannel::SendAndWait] Error: Channel error: cannot send/recv

1593809423069	mozrunner::runner	INFO	Running command: "C:\\Program Files\\Mozilla Firefox\\firefox.exe" "-marionette" "-foreground" "-no-remote" "-profile" "C:\\Users\\ELEN-P~1\\AppData\\Local\\Temp\\rust_mozprofile4Hqy6M"
JavaScript error: resource://gre/modules/XULStore.jsm, line 66: Error: Can't find profile directory.
1593809426245	Marionette	INFO	Listening on port 54991
1593809426685	Marionette	WARN	TLS certificate errors will be ignored for this session
1593809437639	Marionette	INFO	Stopped listening on port 54991

###!!! [Child][RunMessage] Error: Channel closing: too late to send/recv, messages will be lost


###!!! [Child][MessageChannel::SendAndWait] Error: Channel error: cannot send/recv

1593809445383	mozrunner::runner	INFO	Running command: "C:\\Program Files\\Mozilla Firefox\\firefox.exe" "-marionette" "-foreground" "-no-remote" "-profile" "C:\\Users\\ELEN-P~1\\AppData\\Local\\Temp\\rust_mozprofilenF3cZ7"
JavaScript error: resource://gre/modules/XULStore.jsm, line 66: Error: Can't find profile directory.
1593809448613	Marionette	INFO	Listening on port 55109
1593809448999	Marionette	WARN	TLS certificate errors will be ignored for this session
1593809462356	Marionette	INFO	Stopped listening on port 55109

###!!! [Child][RunMessage] Error: Channel closing: too late to send/recv, messages will be lost


###!!! [Child][MessageChannel::SendAndWait] Error: Channel error: cannot send/recv

1593809470581	mozrunner::runner	INFO	Running command: "C:\\Program Files\\Mozilla Firefox\\firefox.exe" "-marionette" "-foreground" "-no-remote" "-profile" "C:\\Users\\ELEN-P~1\\AppData\\Local\\Temp\\rust_mozprofileInFn7Y"
JavaScript error: resource://gre/modules/XULStore.jsm, line 66: Error: Can't find profile directory.
1593809473766	Marionette	INFO	Listening on port 55231
1593809474198	Marionette	WARN	TLS certificate errors will be ignored for this session
1593809487155	Marionette	INFO	Stopped listening on port 55231

###!!! [Child][RunMessage] Error: Channel closing: too late to send/recv, messages will be lost


###!!! [Child][MessageChannel::SendAndWait] Error: Channel error: cannot send/recv

1593809495322	mozrunner::runner	INFO	Running command: "C:\\Program Files\\Mozilla Firefox\\firefox.exe" "-marionette" "-foreground" "-no-remote" "-profile" "C:\\Users\\ELEN-P~1\\AppData\\Local\\Temp\\rust_mozprofileSoF6RW"
JavaScript error: resource://gre/modules/XULStore.jsm, line 66: Error: Can't find profile directory.
1593809498473	Marionette	INFO	Listening on port 55352
1593809498938	Marionette	WARN	TLS certificate errors will be ignored for this session
1593809589213	Marionette	INFO	Stopped listening on port 55352

###!!! [Child][RunMessage] Error: Channel closing: too late to send/recv, messages will be lost


###!!! [Child][MessageChannel::SendAndWait] Error: Channel error: cannot send/recv

1593809758050	mozrunner::runner	INFO	Running command: "C:\\Program Files\\Mozilla Firefox\\firefox.exe" "-marionette" "-headless" "-foreground" "-no-remote" "-profile" "C:\\Users\\ELEN-P~1\\AppData\\Local\\Temp\\rust_mozprofileygH41H"
*** You are running in headless mode.
JavaScript error: resource://gre/modules/XULStore.jsm, line 66: Error: Can't find profile directory.
1593809761007	Marionette	INFO	Listening on port 55454
1593809761182	Marionette	WARN	TLS certificate errors will be ignored for this session
1593809775171	Marionette	INFO	Stopped listening on port 55454
1593809783850	mozrunner::runner	INFO	Running command: "C:\\Program Files\\Mozilla Firefox\\firefox.exe" "-marionette" "-headless" "-foreground" "-no-remote" "-profile" "C:\\Users\\ELEN-P~1\\AppData\\Local\\Temp\\rust_mozprofileOYyoqY"
*** You are running in headless mode.
JavaScript error: resource://gre/modules/XULStore.jsm, line 66: Error: Can't find profile directory.
1593809786819	Marionette	INFO	Listening on port 55575
1593809786968	Marionette	WARN	TLS certificate errors will be ignored for this session
1593809800517	Marionette	INFO	Stopped listening on port 55575
1593809809884	mozrunner::runner	INFO	Running command: "C:\\Program Files\\Mozilla Firefox\\firefox.exe" "-marionette" "-headless" "-foreground" "-no-remote" "-profile" "C:\\Users\\ELEN-P~1\\AppData\\Local\\Temp\\rust_mozprofileGEdDSy"
*** You are running in headless mode.
JavaScript error: resource://gre/modules/XULStore.jsm, line 66: Error: Can't find profile directory.
1593809813125	Marionette	INFO	Listening on port 55695
1593809813504	Marionette	WARN	TLS certificate errors will be ignored for this session
1593809824826	Marionette	INFO	Stopped listening on port 55695
1593809836913	mozrunner::runner	INFO	Running command: "C:\\Program Files\\Mozilla Firefox\\firefox.exe" "-marionette" "-headless" "-foreground" "-no-remote" "-profile" "C:\\Users\\ELEN-P~1\\AppData\\Local\\Temp\\rust_mozprofileIlwJjS"
*** You are running in headless mode.
JavaScript error: resource://gre/modules/XULStore.jsm, line 66: Error: Can't find profile directory.
1593809839660	Marionette	INFO	Listening on port 55809
1593809840030	Marionette	WARN	TLS certificate errors will be ignored for this session
1593809853152	Marionette	INFO	Stopped listening on port 55809
1593809861430	mozrunner::runner	INFO	Running command: "C:\\Program Files\\Mozilla Firefox\\firefox.exe" "-marionette" "-headless" "-foreground" "-no-remote" "-profile" "C:\\Users\\ELEN-P~1\\AppData\\Local\\Temp\\rust_mozprofilev8TXKY"
*** You are running in headless mode.
JavaScript error: resource://gre/modules/XULStore.jsm, line 66: Error: Can't find profile directory.
1593809864253	Marionette	INFO	Listening on port 55928
1593809864544	Marionette	WARN	TLS certificate errors will be ignored for this session
1593809877200	Marionette	INFO	Stopped listening on port 55928
1593809886842	mozrunner::runner	INFO	Running command: "C:\\Program Files\\Mozilla Firefox\\firefox.exe" "-marionette" "-headless" "-foreground" "-no-remote" "-profile" "C:\\Users\\ELEN-P~1\\AppData\\Local\\Temp\\rust_mozprofileKBD75N"
*** You are running in headless mode.
JavaScript error: resource://gre/modules/XULStore.jsm, line 66: Error: Can't find profile directory.
1593809889680	Marionette	INFO	Listening on port 56046
1593809889960	Marionette	WARN	TLS certificate errors will be ignored for this session
1593809902129	Marionette	INFO	Stopped listening on port 56046
1593809911218	mozrunner::runner	INFO	Running command: "C:\\Program Files\\Mozilla Firefox\\firefox.exe" "-marionette" "-headless" "-foreground" "-no-remote" "-profile" "C:\\Users\\ELEN-P~1\\AppData\\Local\\Temp\\rust_mozprofileo0TQlI"
*** You are running in headless mode.
JavaScript error: resource://gre/modules/XULStore.jsm, line 66: Error: Can't find profile directory.
1593809913929	Marionette	INFO	Listening on port 56168
1593809914337	Marionette	WARN	TLS certificate errors will be ignored for this session
1593809960649	Marionette	INFO	Stopped listening on port 56168
1593809968903	mozrunner::runner	INFO	Running command: "C:\\Program Files\\Mozilla Firefox\\firefox.exe" "-marionette" "-headless" "-foreground" "-no-remote" "-profile" "C:\\Users\\ELEN-P~1\\AppData\\Local\\Temp\\rust_mozprofileyjaqEx"
*** You are running in headless mode.
JavaScript error: resource://gre/modules/XULStore.jsm, line 66: Error: Can't find profile directory.
1593809971712	Marionette	INFO	Listening on port 56287
1593809972019	Marionette	WARN	TLS certificate errors will be ignored for this session
